2012-12-10 23:02:34,282 - Trying to use logger class org.apache.velocity.runtime.log.Log4JLogChute
2012-12-10 23:02:34,282 - Using logger class org.apache.velocity.runtime.log.Log4JLogChute
2012-12-10 23:02:34,284 - Default ResourceManager initializing. (class org.apache.velocity.runtime.resource.ResourceManagerImpl)
2012-12-10 23:02:34,286 - ResourceLoader instantiated: org.apache.velocity.runtime.resource.loader.FileResourceLoader
2012-12-10 23:02:34,287 - Do unicode file recognition:  false
2012-12-10 23:02:34,287 - FileResourceLoader : adding path '.'
2012-12-10 23:02:34,296 - ResourceCache: initialized (class org.apache.velocity.runtime.resource.ResourceCacheImpl)
2012-12-10 23:02:34,297 - Loaded System Directive: org.apache.velocity.runtime.directive.Literal
2012-12-10 23:02:34,298 - Loaded System Directive: org.apache.velocity.runtime.directive.Macro
2012-12-10 23:02:34,299 - Loaded System Directive: org.apache.velocity.runtime.directive.Parse
2012-12-10 23:02:34,300 - Loaded System Directive: org.apache.velocity.runtime.directive.Include
2012-12-10 23:02:34,301 - Loaded System Directive: org.apache.velocity.runtime.directive.Foreach
2012-12-10 23:02:34,321 - Created '20' parsers.
2012-12-10 23:02:34,326 - Velocimacro : "velocimacro.library" is not set.  Trying default library: VM_global_library.vm
2012-12-10 23:02:34,326 - Velocimacro : Default library not found.
2012-12-10 23:02:34,326 - Velocimacro : allowInline = true : VMs can be defined inline in templates
2012-12-10 23:02:34,327 - Velocimacro : allowInlineToOverride = false : VMs defined inline may NOT replace previous VM definitions
2012-12-10 23:02:34,327 - Velocimacro : allowInlineLocal = false : VMs defined inline will be global in scope if allowed.
2012-12-10 23:02:34,327 - Velocimacro : autoload off : VM system will not automatically reload global library macros
2012-12-10 23:04:09,215 - Log4JLogChute initialized using file 'velocity.log'
2012-12-10 23:04:09,216 - Velocity was not initialized! Calling init()...
2012-12-10 23:04:09,216 - Starting Apache Velocity v1.5 (compiled: 2007-02-22 08:52:29)
2012-12-10 23:04:09,216 - Default Properties File: org/apache/velocity/runtime/defaults/velocity.properties
2012-12-10 23:04:09,216 - Trying to use logger class org.apache.velocity.runtime.log.AvalonLogChute
2012-12-10 23:04:09,216 - Couldn't find class org.apache.velocity.runtime.log.AvalonLogChute or necessary supporting classes in classpath.
java.lang.NoClassDefFoundError: org/apache/log/format/Formatter
	at java.lang.Class.forName0(Native Method)
	at java.lang.Class.forName(Class.java:247)
	at org.apache.velocity.util.ClassUtils.getClass(ClassUtils.java:63)
	at org.apache.velocity.util.ClassUtils.getNewInstance(ClassUtils.java:95)
	at org.apache.velocity.runtime.log.LogManager.createLogChute(LogManager.java:147)
	at org.apache.velocity.runtime.log.LogManager.updateLog(LogManager.java:208)
	at org.apache.velocity.runtime.RuntimeInstance.initializeLog(RuntimeInstance.java:728)
	at org.apache.velocity.runtime.RuntimeInstance.init(RuntimeInstance.java:240)
	at org.apache.velocity.runtime.RuntimeInstance.parse(RuntimeInstance.java:993)
	at org.apache.velocity.runtime.RuntimeInstance.parse(RuntimeInstance.java:972)
	at org.apache.velocity.runtime.RuntimeSingleton.parse(RuntimeSingleton.java:265)
	at org.apache.velocity.app.Velocity.evaluate(Velocity.java:274)
	at org.sonatype.mavenbook.weather.WeatherFormatter.format(WeatherFormatter.java:27)
	at org.sonatype.mavenbook.weather.yahoo.WeatherFormatterTest.testFormat(WeatherFormatterTest.java:24)
	at sun.reflect.NativeMethodAccessorImpl.invoke0(Native Method)
	at sun.reflect.NativeMethodAccessorImpl.invoke(NativeMethodAccessorImpl.java:39)
	at sun.reflect.DelegatingMethodAccessorImpl.invoke(DelegatingMethodAccessorImpl.java:25)
	at java.lang.reflect.Method.invoke(Method.java:597)
	at org.junit.runners.model.FrameworkMethod$1.runReflectiveCall(FrameworkMethod.java:45)
	at org.junit.internal.runners.model.ReflectiveCallable.run(ReflectiveCallable.java:15)
	at org.junit.runners.model.FrameworkMethod.invokeExplosively(FrameworkMethod.java:42)
	at org.junit.internal.runners.statements.InvokeMethod.evaluate(InvokeMethod.java:20)
	at org.junit.runners.ParentRunner.runLeaf(ParentRunner.java:263)
	at org.junit.runners.BlockJUnit4ClassRunner.runChild(BlockJUnit4ClassRunner.java:68)
	at org.junit.runners.BlockJUnit4ClassRunner.runChild(BlockJUnit4ClassRunner.java:47)
	at org.junit.runners.ParentRunner$3.run(ParentRunner.java:231)
	at org.junit.runners.ParentRunner$1.schedule(ParentRunner.java:60)
	at org.junit.runners.ParentRunner.runChildren(ParentRunner.java:229)
	at org.junit.runners.ParentRunner.access$000(ParentRunner.java:50)
	at org.junit.runners.ParentRunner$2.evaluate(ParentRunner.java:222)
	at org.junit.runners.ParentRunner.run(ParentRunner.java:300)
	at org.apache.maven.surefire.junit4.JUnit4TestSet.execute(JUnit4TestSet.java:62)
	at org.apache.maven.surefire.suite.AbstractDirectoryTestSuite.executeTestSet(AbstractDirectoryTestSuite.java:140)
	at org.apache.maven.surefire.suite.AbstractDirectoryTestSuite.execute(AbstractDirectoryTestSuite.java:127)
	at org.apache.maven.surefire.Surefire.run(Surefire.java:177)
	at sun.reflect.NativeMethodAccessorImpl.invoke0(Native Method)
	at sun.reflect.NativeMethodAccessorImpl.invoke(NativeMethodAccessorImpl.java:39)
	at sun.reflect.DelegatingMethodAccessorImpl.invoke(DelegatingMethodAccessorImpl.java:25)
	at java.lang.reflect.Method.invoke(Method.java:597)
	at org.apache.maven.surefire.booter.SurefireBooter.runSuitesInProcess(SurefireBooter.java:345)
	at org.apache.maven.surefire.booter.SurefireBooter.main(SurefireBooter.java:1009)
Caused by: java.lang.ClassNotFoundException: org.apache.log.format.Formatter
	at java.net.URLClassLoader$1.run(URLClassLoader.java:202)
	at java.security.AccessController.doPrivileged(Native Method)
	at java.net.URLClassLoader.findClass(URLClassLoader.java:190)
	at java.lang.ClassLoader.loadClass(ClassLoader.java:306)
	at sun.misc.Launcher$AppClassLoader.loadClass(Launcher.java:301)
	at java.lang.ClassLoader.loadClass(ClassLoader.java:247)
	... 41 more
2012-12-10 23:04:09,219 - Trying to use logger class org.apache.velocity.runtime.log.Log4JLogChute
2012-12-10 23:04:09,219 - Using logger class org.apache.velocity.runtime.log.Log4JLogChute
2012-12-10 23:04:09,220 - Default ResourceManager initializing. (class org.apache.velocity.runtime.resource.ResourceManagerImpl)
2012-12-10 23:04:09,223 - ResourceLoader instantiated: org.apache.velocity.runtime.resource.loader.FileResourceLoader
2012-12-10 23:04:09,224 - Do unicode file recognition:  false
2012-12-10 23:04:09,224 - FileResourceLoader : adding path '.'
2012-12-10 23:04:09,232 - ResourceCache: initialized (class org.apache.velocity.runtime.resource.ResourceCacheImpl)
2012-12-10 23:04:09,233 - Loaded System Directive: org.apache.velocity.runtime.directive.Literal
2012-12-10 23:04:09,234 - Loaded System Directive: org.apache.velocity.runtime.directive.Macro
2012-12-10 23:04:09,235 - Loaded System Directive: org.apache.velocity.runtime.directive.Parse
2012-12-10 23:04:09,236 - Loaded System Directive: org.apache.velocity.runtime.directive.Include
2012-12-10 23:04:09,237 - Loaded System Directive: org.apache.velocity.runtime.directive.Foreach
2012-12-10 23:04:09,256 - Created '20' parsers.
2012-12-10 23:04:09,262 - Velocimacro : "velocimacro.library" is not set.  Trying default library: VM_global_library.vm
2012-12-10 23:04:09,262 - Velocimacro : Default library not found.
2012-12-10 23:04:09,262 - Velocimacro : allowInline = true : VMs can be defined inline in templates
2012-12-10 23:04:09,262 - Velocimacro : allowInlineToOverride = false : VMs defined inline may NOT replace previous VM definitions
2012-12-10 23:04:09,262 - Velocimacro : allowInlineLocal = false : VMs defined inline will be global in scope if allowed.
2012-12-10 23:04:09,262 - Velocimacro : autoload off : VM system will not automatically reload global library macros
