2012-12-08 17:47:23,457 - Log4JLogChute initialized using file 'velocity.log'
2012-12-08 17:47:23,458 - Velocity was not initialized! Calling init()...
2012-12-08 17:47:23,458 - Starting Apache Velocity v1.5 (compiled: 2007-02-22 08:52:29)
2012-12-08 17:47:23,458 - Default Properties File: org/apache/velocity/runtime/defaults/velocity.properties
2012-12-08 17:47:23,458 - Trying to use logger class org.apache.velocity.runtime.log.AvalonLogChute
2012-12-08 17:47:23,458 - Couldn't find class org.apache.velocity.runtime.log.AvalonLogChute or necessary supporting classes in classpath.
java.lang.NoClassDefFoundError: org/apache/log/format/Formatter
	at java.lang.Class.forName0(Native Method)
	at java.lang.Class.forName(Class.java:247)
	at org.apache.velocity.util.ClassUtils.getClass(ClassUtils.java:63)
	at org.apache.velocity.util.ClassUtils.getNewInstance(ClassUtils.java:95)
	at org.apache.velocity.runtime.log.LogManager.createLogChute(LogManager.java:147)
	at org.apache.velocity.runtime.log.LogManager.updateLog(LogManager.java:208)
	at org.apache.velocity.runtime.RuntimeInstance.initializeLog(RuntimeInstance.java:728)
	at org.apache.velocity.runtime.RuntimeInstance.init(RuntimeInstance.java:240)
	at org.apache.velocity.runtime.RuntimeInstance.parse(RuntimeInstance.java:993)
	at org.apache.velocity.runtime.RuntimeInstance.parse(RuntimeInstance.java:972)
	at org.apache.velocity.runtime.RuntimeSingleton.parse(RuntimeSingleton.java:265)
	at org.apache.velocity.app.Velocity.evaluate(Velocity.java:274)
	at org.sonatype.mavenbook.weather.WeatherFormatter.format(WeatherFormatter.java:27)
	at org.sonatype.mavenbook.weather.Main.start(Main.java:33)
	at org.sonatype.mavenbook.weather.Main.main(Main.java:19)
	at sun.reflect.NativeMethodAccessorImpl.invoke0(Native Method)
	at sun.reflect.NativeMethodAccessorImpl.invoke(NativeMethodAccessorImpl.java:39)
	at sun.reflect.DelegatingMethodAccessorImpl.invoke(DelegatingMethodAccessorImpl.java:25)
	at java.lang.reflect.Method.invoke(Method.java:597)
	at org.codehaus.mojo.exec.ExecJavaMojo$1.run(ExecJavaMojo.java:297)
	at java.lang.Thread.run(Thread.java:680)
Caused by: java.lang.ClassNotFoundException: org.apache.log.format.Formatter
	at java.net.URLClassLoader$1.run(URLClassLoader.java:202)
	at java.security.AccessController.doPrivileged(Native Method)
	at java.net.URLClassLoader.findClass(URLClassLoader.java:190)
	at java.lang.ClassLoader.loadClass(ClassLoader.java:306)
	at java.lang.ClassLoader.loadClass(ClassLoader.java:247)
	... 21 more
2012-12-08 17:47:23,460 - Trying to use logger class org.apache.velocity.runtime.log.Log4JLogChute
2012-12-08 17:47:23,460 - Using logger class org.apache.velocity.runtime.log.Log4JLogChute
2012-12-08 17:47:23,462 - Default ResourceManager initializing. (class org.apache.velocity.runtime.resource.ResourceManagerImpl)
2012-12-08 17:47:23,464 - ResourceLoader instantiated: org.apache.velocity.runtime.resource.loader.FileResourceLoader
2012-12-08 17:47:23,466 - Do unicode file recognition:  false
2012-12-08 17:47:23,466 - FileResourceLoader : adding path '.'
2012-12-08 17:47:23,490 - ResourceCache: initialized (class org.apache.velocity.runtime.resource.ResourceCacheImpl)
2012-12-08 17:47:23,491 - Loaded System Directive: org.apache.velocity.runtime.directive.Literal
2012-12-08 17:47:23,492 - Loaded System Directive: org.apache.velocity.runtime.directive.Macro
2012-12-08 17:47:23,493 - Loaded System Directive: org.apache.velocity.runtime.directive.Parse
2012-12-08 17:47:23,494 - Loaded System Directive: org.apache.velocity.runtime.directive.Include
2012-12-08 17:47:23,495 - Loaded System Directive: org.apache.velocity.runtime.directive.Foreach
2012-12-08 17:47:23,516 - Created '20' parsers.
2012-12-08 17:47:23,520 - Velocimacro : "velocimacro.library" is not set.  Trying default library: VM_global_library.vm
2012-12-08 17:47:23,521 - Velocimacro : Default library not found.
2012-12-08 17:47:23,521 - Velocimacro : allowInline = true : VMs can be defined inline in templates
2012-12-08 17:47:23,521 - Velocimacro : allowInlineToOverride = false : VMs defined inline may NOT replace previous VM definitions
2012-12-08 17:47:23,521 - Velocimacro : allowInlineLocal = false : VMs defined inline will be global in scope if allowed.
2012-12-08 17:47:23,521 - Velocimacro : autoload off : VM system will not automatically reload global library macros
2012-12-08 17:47:40,578 - Log4JLogChute initialized using file 'velocity.log'
2012-12-08 17:47:40,578 - Velocity was not initialized! Calling init()...
2012-12-08 17:47:40,578 - Starting Apache Velocity v1.5 (compiled: 2007-02-22 08:52:29)
2012-12-08 17:47:40,578 - Default Properties File: org/apache/velocity/runtime/defaults/velocity.properties
2012-12-08 17:47:40,579 - Trying to use logger class org.apache.velocity.runtime.log.AvalonLogChute
2012-12-08 17:47:40,579 - Couldn't find class org.apache.velocity.runtime.log.AvalonLogChute or necessary supporting classes in classpath.
java.lang.NoClassDefFoundError: org/apache/log/format/Formatter
	at java.lang.Class.forName0(Native Method)
	at java.lang.Class.forName(Class.java:247)
	at org.apache.velocity.util.ClassUtils.getClass(ClassUtils.java:63)
	at org.apache.velocity.util.ClassUtils.getNewInstance(ClassUtils.java:95)
	at org.apache.velocity.runtime.log.LogManager.createLogChute(LogManager.java:147)
	at org.apache.velocity.runtime.log.LogManager.updateLog(LogManager.java:208)
	at org.apache.velocity.runtime.RuntimeInstance.initializeLog(RuntimeInstance.java:728)
	at org.apache.velocity.runtime.RuntimeInstance.init(RuntimeInstance.java:240)
	at org.apache.velocity.runtime.RuntimeInstance.parse(RuntimeInstance.java:993)
	at org.apache.velocity.runtime.RuntimeInstance.parse(RuntimeInstance.java:972)
	at org.apache.velocity.runtime.RuntimeSingleton.parse(RuntimeSingleton.java:265)
	at org.apache.velocity.app.Velocity.evaluate(Velocity.java:274)
	at org.sonatype.mavenbook.weather.WeatherFormatter.format(WeatherFormatter.java:27)
	at org.sonatype.mavenbook.weather.Main.start(Main.java:33)
	at org.sonatype.mavenbook.weather.Main.main(Main.java:19)
	at sun.reflect.NativeMethodAccessorImpl.invoke0(Native Method)
	at sun.reflect.NativeMethodAccessorImpl.invoke(NativeMethodAccessorImpl.java:39)
	at sun.reflect.DelegatingMethodAccessorImpl.invoke(DelegatingMethodAccessorImpl.java:25)
	at java.lang.reflect.Method.invoke(Method.java:597)
	at org.codehaus.mojo.exec.ExecJavaMojo$1.run(ExecJavaMojo.java:297)
	at java.lang.Thread.run(Thread.java:680)
Caused by: java.lang.ClassNotFoundException: org.apache.log.format.Formatter
	at java.net.URLClassLoader$1.run(URLClassLoader.java:202)
	at java.security.AccessController.doPrivileged(Native Method)
	at java.net.URLClassLoader.findClass(URLClassLoader.java:190)
	at java.lang.ClassLoader.loadClass(ClassLoader.java:306)
	at java.lang.ClassLoader.loadClass(ClassLoader.java:247)
	... 21 more
2012-12-08 17:47:40,581 - Trying to use logger class org.apache.velocity.runtime.log.Log4JLogChute
2012-12-08 17:47:40,581 - Using logger class org.apache.velocity.runtime.log.Log4JLogChute
2012-12-08 17:47:40,583 - Default ResourceManager initializing. (class org.apache.velocity.runtime.resource.ResourceManagerImpl)
2012-12-08 17:47:40,587 - ResourceLoader instantiated: org.apache.velocity.runtime.resource.loader.FileResourceLoader
2012-12-08 17:47:40,588 - Do unicode file recognition:  false
2012-12-08 17:47:40,588 - FileResourceLoader : adding path '.'
2012-12-08 17:47:40,604 - ResourceCache: initialized (class org.apache.velocity.runtime.resource.ResourceCacheImpl)
2012-12-08 17:47:40,605 - Loaded System Directive: org.apache.velocity.runtime.directive.Literal
2012-12-08 17:47:40,606 - Loaded System Directive: org.apache.velocity.runtime.directive.Macro
2012-12-08 17:47:40,607 - Loaded System Directive: org.apache.velocity.runtime.directive.Parse
2012-12-08 17:47:40,608 - Loaded System Directive: org.apache.velocity.runtime.directive.Include
2012-12-08 17:47:40,609 - Loaded System Directive: org.apache.velocity.runtime.directive.Foreach
2012-12-08 17:47:40,630 - Created '20' parsers.
2012-12-08 17:47:40,635 - Velocimacro : "velocimacro.library" is not set.  Trying default library: VM_global_library.vm
2012-12-08 17:47:40,635 - Velocimacro : Default library not found.
2012-12-08 17:47:40,635 - Velocimacro : allowInline = true : VMs can be defined inline in templates
2012-12-08 17:47:40,635 - Velocimacro : allowInlineToOverride = false : VMs defined inline may NOT replace previous VM definitions
2012-12-08 17:47:40,635 - Velocimacro : allowInlineLocal = false : VMs defined inline will be global in scope if allowed.
2012-12-08 17:47:40,635 - Velocimacro : autoload off : VM system will not automatically reload global library macros
